[debug] [2025-02-02T13:48:56.424Z] ----------------------------------------------------------------------
[debug] [2025-02-02T13:48:56.426Z] Command:       C:\Program Files\nodejs\node.exe C:\Users\Lenovo\AppData\Roaming\npm\node_modules\firebase-tools\lib\bin\firebase.js init
[debug] [2025-02-02T13:48:56.426Z] CLI Version:   13.29.3
[debug] [2025-02-02T13:48:56.426Z] Platform:      win32
[debug] [2025-02-02T13:48:56.426Z] Node Version:  v20.17.0
[debug] [2025-02-02T13:48:56.426Z] Time:          Sun Feb 02 2025 19:18:56 GMT+0530 (India Standard Time)
[debug] [2025-02-02T13:48:56.427Z] ----------------------------------------------------------------------
[debug] 
[debug] [2025-02-02T13:48:56.432Z] > command requires scopes: ["email","openid","https://www.googleapis.com/auth/cloudplatformprojects.readonly","https://www.googleapis.com/auth/firebase","https://www.googleapis.com/auth/cloud-platform"]
[debug] [2025-02-02T13:48:56.432Z] > authorizing via signed-in user (namankumar0727@gmail.com)
[info] 
     ######## #### ########  ######## ########     ###     ######  ########
     ##        ##  ##     ## ##       ##     ##  ##   ##  ##       ##
     ######    ##  ########  ######   ########  #########  ######  ######
     ##        ##  ##    ##  ##       ##     ## ##     ##       ## ##
     ##       #### ##     ## ######## ########  ##     ##  ######  ########

You're about to initialize a Firebase project in this directory:

  C:\Users\Lenovo\Week2-IntroductionToJavascript\Day_03\Learning

[info] 
=== Project Setup
[info] 
[info] First, let's associate this project directory with a Firebase project.
[info] You can create multiple project aliases by running firebase use --add, 
[info] but for now we'll just set up a default project.
[info] 
[debug] [2025-02-02T13:49:04.890Z] Checked if tokens are valid: false, expires at: 1737915005469
[debug] [2025-02-02T13:49:04.890Z] Checked if tokens are valid: false, expires at: 1737915005469
[debug] [2025-02-02T13:49:04.891Z] > refreshing access token with scopes: []
[debug] [2025-02-02T13:49:04.893Z] >>> [apiv2][query] POST https://www.googleapis.com/oauth2/v3/token [none]
[debug] [2025-02-02T13:49:04.894Z] >>> [apiv2][body] POST https://www.googleapis.com/oauth2/v3/token [omitted]
[debug] [2025-02-02T13:49:05.234Z] <<< [apiv2][status] POST https://www.googleapis.com/oauth2/v3/token 200
[debug] [2025-02-02T13:49:05.234Z] <<< [apiv2][body] POST https://www.googleapis.com/oauth2/v3/token [omitted]
[debug] [2025-02-02T13:49:05.308Z] >>> [apiv2][query] GET https://firebase.googleapis.com/v1beta1/projects pageSize=100
[debug] [2025-02-02T13:49:06.123Z] <<< [apiv2][status] GET https://firebase.googleapis.com/v1beta1/projects 200
[debug] [2025-02-02T13:49:06.123Z] <<< [apiv2][body] GET https://firebase.googleapis.com/v1beta1/projects [omitted]
[info] i  Using project todoappnaman (TodoappNaman) 
[info] 
=== Hosting Setup
[debug] [2025-02-02T13:49:08.822Z] Checked if tokens are valid: true, expires at: 1738507744234
[debug] [2025-02-02T13:49:08.822Z] Checked if tokens are valid: true, expires at: 1738507744234
[debug] [2025-02-02T13:49:08.823Z] >>> [apiv2][query] GET https://firebase.googleapis.com/v1beta1/projects/todoappnaman [none]
[debug] [2025-02-02T13:49:09.195Z] <<< [apiv2][status] GET https://firebase.googleapis.com/v1beta1/projects/todoappnaman 200
[debug] [2025-02-02T13:49:09.195Z] <<< [apiv2][body] GET https://firebase.googleapis.com/v1beta1/projects/todoappnaman {"projectId":"todoappnaman","projectNumber":"843767794897","displayName":"TodoappNaman","name":"projects/todoappnaman","resources":{"hostingSite":"todoappnaman"},"state":"ACTIVE","etag":"1_0514a0ee-08cc-4305-9ff1-9b1878bcb3da"}
[info] 
[info] Your public directory is the folder (relative to your project directory) that
[info] will contain Hosting assets to be uploaded with firebase deploy. If you
[info] have a build process for your assets, use your build's output directory.
[info] 
